2024-12-24 16:14:47,941 - sqlalchemy.engine.Engine - INFO - select pg_catalog.version()
2024-12-24 16:14:47,942 - sqlalchemy.engine.Engine - INFO - [raw sql] ()
2024-12-24 16:14:47,944 - sqlalchemy.engine.Engine - INFO - select current_schema()
2024-12-24 16:14:47,945 - sqlalchemy.engine.Engine - INFO - [raw sql] ()
2024-12-24 16:14:47,947 - sqlalchemy.engine.Engine - INFO - show standard_conforming_strings
2024-12-24 16:14:47,947 - sqlalchemy.engine.Engine - INFO - [raw sql] ()
2024-12-24 16:14:47,949 - sqlalchemy.engine.Engine - INFO - BEGIN (implicit)
2024-12-24 16:14:47,958 - sqlalchemy.engine.Engine - INFO - SELECT users.id, users.username, users.hashed_password, users.email, users.balance 
FROM users 
WHERE users.username = $1::VARCHAR
2024-12-24 16:14:47,959 - sqlalchemy.engine.Engine - INFO - [generated in 0.00100s] ('string',)
2024-12-24 16:14:47,964 - app.routes.transaction - INFO - Попытка создания транзакции от пользователя string
2024-12-24 16:14:47,966 - sqlalchemy.engine.Engine - INFO - SELECT users.id, users.username, users.hashed_password, users.email, users.balance 
FROM users 
WHERE users.id = $1::INTEGER
2024-12-24 16:14:47,966 - sqlalchemy.engine.Engine - INFO - [generated in 0.00081s] (4,)
2024-12-24 16:14:47,972 - sqlalchemy.engine.Engine - INFO - UPDATE users SET balance=$1::NUMERIC WHERE users.id = $2::INTEGER
2024-12-24 16:14:47,973 - sqlalchemy.engine.Engine - INFO - [generated in 0.00074s] [(Decimal('90'), 1), (Decimal('710'), 4)]
2024-12-24 16:14:47,981 - sqlalchemy.engine.Engine - INFO - INSERT INTO transactions (sender_id, receiver_id, amount, status, created_at) VALUES ($1::INTEGER, $2::INTEGER, $3::NUMERIC, $4::VARCHAR, $5::TIMESTAMP WITHOUT TIME ZONE) RETURNING transactions.id
2024-12-24 16:14:47,981 - sqlalchemy.engine.Engine - INFO - [generated in 0.00077s] (1, 4, Decimal('10'), <TransactionStatus.completed: 'completed'>, datetime.datetime(2024, 12, 24, 16, 14, 47, 980994))
2024-12-24 16:14:47,989 - sqlalchemy.engine.Engine - INFO - COMMIT
2024-12-24 16:14:47,993 - sqlalchemy.engine.Engine - INFO - BEGIN (implicit)
2024-12-24 16:14:47,997 - sqlalchemy.engine.Engine - INFO - SELECT transactions.id, transactions.sender_id, transactions.receiver_id, transactions.amount, transactions.status, transactions.created_at 
FROM transactions 
WHERE transactions.id = $1::INTEGER
2024-12-24 16:14:47,997 - sqlalchemy.engine.Engine - INFO - [generated in 0.00088s] (3,)
2024-12-24 16:14:48,000 - app.routes.transaction - INFO - Транзакция успешно создана: string -> czx, сумма: 10.00
2024-12-24 16:14:48,001 - sqlalchemy.engine.Engine - INFO - ROLLBACK
2024-12-24 16:14:55,589 - sqlalchemy.engine.Engine - INFO - BEGIN (implicit)
2024-12-24 16:14:55,591 - sqlalchemy.engine.Engine - INFO - SELECT users.id, users.username, users.hashed_password, users.email, users.balance 
FROM users 
WHERE users.username = $1::VARCHAR
2024-12-24 16:14:55,591 - sqlalchemy.engine.Engine - INFO - [cached since 7.634s ago] ('string',)
2024-12-24 16:14:55,593 - app.routes.transaction - INFO - Попытка создания транзакции от пользователя string
2024-12-24 16:14:55,595 - sqlalchemy.engine.Engine - INFO - SELECT users.id, users.username, users.hashed_password, users.email, users.balance 
FROM users 
WHERE users.id = $1::INTEGER
2024-12-24 16:14:55,596 - sqlalchemy.engine.Engine - INFO - [cached since 7.632s ago] (1,)
2024-12-24 16:14:55,599 - sqlalchemy.engine.Engine - INFO - INSERT INTO transactions (sender_id, receiver_id, amount, status, created_at) VALUES ($1::INTEGER, $2::INTEGER, $3::NUMERIC, $4::VARCHAR, $5::TIMESTAMP WITHOUT TIME ZONE) RETURNING transactions.id
2024-12-24 16:14:55,599 - sqlalchemy.engine.Engine - INFO - [cached since 7.62s ago] (1, 1, Decimal('10'), <TransactionStatus.completed: 'completed'>, datetime.datetime(2024, 12, 24, 16, 14, 55, 599032))
2024-12-24 16:14:55,602 - sqlalchemy.engine.Engine - INFO - COMMIT
2024-12-24 16:14:55,606 - sqlalchemy.engine.Engine - INFO - BEGIN (implicit)
2024-12-24 16:14:55,608 - sqlalchemy.engine.Engine - INFO - SELECT transactions.id, transactions.sender_id, transactions.receiver_id, transactions.amount, transactions.status, transactions.created_at 
FROM transactions 
WHERE transactions.id = $1::INTEGER
2024-12-24 16:14:55,609 - sqlalchemy.engine.Engine - INFO - [cached since 7.613s ago] (4,)
2024-12-24 16:14:55,611 - app.routes.transaction - INFO - Транзакция успешно создана: string -> string, сумма: 10.00
2024-12-24 16:14:55,612 - sqlalchemy.engine.Engine - INFO - ROLLBACK
2024-12-24 16:21:08,898 - sqlalchemy.engine.Engine - INFO - select pg_catalog.version()
2024-12-24 16:21:08,898 - sqlalchemy.engine.Engine - INFO - [raw sql] ()
2024-12-24 16:21:08,900 - sqlalchemy.engine.Engine - INFO - select current_schema()
2024-12-24 16:21:08,901 - sqlalchemy.engine.Engine - INFO - [raw sql] ()
2024-12-24 16:21:08,902 - sqlalchemy.engine.Engine - INFO - show standard_conforming_strings
2024-12-24 16:21:08,903 - sqlalchemy.engine.Engine - INFO - [raw sql] ()
2024-12-24 16:21:08,904 - sqlalchemy.engine.Engine - INFO - BEGIN (implicit)
2024-12-24 16:21:08,909 - sqlalchemy.engine.Engine - INFO - SELECT users.id, users.username, users.hashed_password, users.email, users.balance 
FROM users 
WHERE users.username = $1::VARCHAR
2024-12-24 16:21:08,910 - sqlalchemy.engine.Engine - INFO - [generated in 0.00077s] ('qq',)
2024-12-24 16:21:08,913 - app.routes.transaction - INFO - Попытка создания транзакции от пользователя qq
2024-12-24 16:21:08,914 - sqlalchemy.engine.Engine - INFO - SELECT users.id, users.username, users.hashed_password, users.email, users.balance 
FROM users 
WHERE users.id = $1::INTEGER
2024-12-24 16:21:08,915 - sqlalchemy.engine.Engine - INFO - [generated in 0.00042s] (1,)
2024-12-24 16:21:08,918 - sqlalchemy.engine.Engine - INFO - UPDATE users SET balance=$1::NUMERIC WHERE users.id = $2::INTEGER
2024-12-24 16:21:08,918 - sqlalchemy.engine.Engine - INFO - [generated in 0.00050s] [(Decimal('140'), 1), (Decimal('950'), 5)]
2024-12-24 16:21:08,923 - sqlalchemy.engine.Engine - INFO - INSERT INTO transactions (sender_id, receiver_id, amount, status, created_at) VALUES ($1::INTEGER, $2::INTEGER, $3::NUMERIC, $4::VARCHAR, $5::TIMESTAMP WITHOUT TIME ZONE) RETURNING transactions.id
2024-12-24 16:21:08,923 - sqlalchemy.engine.Engine - INFO - [generated in 0.00060s] (5, 1, Decimal('50'), <TransactionStatus.completed: 'completed'>, datetime.datetime(2024, 12, 24, 16, 21, 8, 923068))
2024-12-24 16:21:08,927 - sqlalchemy.engine.Engine - INFO - COMMIT
2024-12-24 16:21:08,930 - sqlalchemy.engine.Engine - INFO - BEGIN (implicit)
2024-12-24 16:21:08,931 - sqlalchemy.engine.Engine - INFO - SELECT transactions.id, transactions.sender_id, transactions.receiver_id, transactions.amount, transactions.status, transactions.created_at 
FROM transactions 
WHERE transactions.id = $1::INTEGER
2024-12-24 16:21:08,932 - sqlalchemy.engine.Engine - INFO - [generated in 0.00052s] (5,)
2024-12-24 16:21:08,934 - app.routes.transaction - INFO - Транзакция успешно создана: qq -> string, сумма: 50.00
2024-12-24 16:21:08,935 - sqlalchemy.engine.Engine - INFO - ROLLBACK
2024-12-24 16:21:22,861 - app.routes.transaction - INFO - Получение списка транзакций: skip=0, limit=10, status=None, start_date=None, end_date=None
2024-12-24 16:21:22,862 - sqlalchemy.engine.Engine - INFO - BEGIN (implicit)
2024-12-24 16:21:22,863 - sqlalchemy.engine.Engine - INFO - SELECT transactions.id, transactions.sender_id, transactions.receiver_id, transactions.amount, transactions.status, transactions.created_at 
FROM transactions 
 LIMIT $1::INTEGER OFFSET $2::INTEGER
2024-12-24 16:21:22,863 - sqlalchemy.engine.Engine - INFO - [generated in 0.00052s] (10, 0)
2024-12-24 16:21:22,865 - app.routes.transaction - INFO - Найдено транзакций: 5
2024-12-24 16:21:22,866 - sqlalchemy.engine.Engine - INFO - ROLLBACK
2024-12-24 16:23:31,601 - sqlalchemy.engine.Engine - INFO - BEGIN (implicit)
2024-12-24 16:23:31,602 - sqlalchemy.engine.Engine - INFO - SELECT users.id, users.username, users.hashed_password, users.email, users.balance 
FROM users 
WHERE users.username = $1::VARCHAR
2024-12-24 16:23:31,603 - sqlalchemy.engine.Engine - INFO - [cached since 142.7s ago] ('qq',)
2024-12-24 16:23:31,605 - app.routes.transaction - INFO - Попытка создания транзакции от пользователя qq
2024-12-24 16:23:31,605 - app.routes.transaction - WARNING - Пользователь qq пытается перевести средства самому себе
2024-12-24 16:23:31,606 - sqlalchemy.engine.Engine - INFO - ROLLBACK
2024-12-24 16:25:49,584 - sqlalchemy.engine.Engine - INFO - BEGIN (implicit)
2024-12-24 16:25:49,585 - sqlalchemy.engine.Engine - INFO - SELECT users.id, users.username, users.hashed_password, users.email, users.balance 
FROM users 
WHERE users.username = $1::VARCHAR
2024-12-24 16:25:49,585 - sqlalchemy.engine.Engine - INFO - [cached since 280.7s ago] ('qq',)
2024-12-24 16:25:49,587 - app.routes.transaction - INFO - Попытка создания транзакции от пользователя qq
2024-12-24 16:25:49,588 - sqlalchemy.engine.Engine - INFO - SELECT users.id, users.username, users.hashed_password, users.email, users.balance 
FROM users 
WHERE users.id = $1::INTEGER
2024-12-24 16:25:49,589 - sqlalchemy.engine.Engine - INFO - [cached since 280.7s ago] (1,)
2024-12-24 16:25:49,591 - sqlalchemy.engine.Engine - INFO - UPDATE users SET balance=$1::NUMERIC WHERE users.id = $2::INTEGER
2024-12-24 16:25:49,592 - sqlalchemy.engine.Engine - INFO - [cached since 280.7s ago] [(Decimal('190'), 1), (Decimal('900'), 5)]
2024-12-24 16:25:49,594 - sqlalchemy.engine.Engine - INFO - INSERT INTO transactions (sender_id, receiver_id, amount, status, created_at) VALUES ($1::INTEGER, $2::INTEGER, $3::NUMERIC, $4::VARCHAR, $5::TIMESTAMP WITHOUT TIME ZONE) RETURNING transactions.id
2024-12-24 16:25:49,594 - sqlalchemy.engine.Engine - INFO - [cached since 280.7s ago] (5, 1, Decimal('50'), <TransactionStatus.completed: 'completed'>, datetime.datetime(2024, 12, 24, 16, 25, 49, 594282))
2024-12-24 16:25:49,597 - sqlalchemy.engine.Engine - INFO - COMMIT
2024-12-24 16:25:49,600 - sqlalchemy.engine.Engine - INFO - BEGIN (implicit)
2024-12-24 16:25:49,601 - sqlalchemy.engine.Engine - INFO - SELECT transactions.id, transactions.sender_id, transactions.receiver_id, transactions.amount, transactions.status, transactions.created_at 
FROM transactions 
WHERE transactions.id = $1::INTEGER
2024-12-24 16:25:49,601 - sqlalchemy.engine.Engine - INFO - [cached since 280.7s ago] (6,)
2024-12-24 16:25:49,604 - app.routes.transaction - INFO - Транзакция успешно создана: qq -> string, сумма: 50.00
2024-12-24 16:25:49,606 - sqlalchemy.engine.Engine - INFO - ROLLBACK
2024-12-24 16:26:22,622 - sqlalchemy.engine.Engine - INFO - BEGIN (implicit)
2024-12-24 16:26:22,623 - sqlalchemy.engine.Engine - INFO - SELECT users.id, users.username, users.hashed_password, users.email, users.balance 
FROM users 
WHERE users.username = $1::VARCHAR
2024-12-24 16:26:22,624 - sqlalchemy.engine.Engine - INFO - [cached since 313.7s ago] ('qq',)
2024-12-24 16:26:22,627 - app.routes.transaction - INFO - Попытка создания транзакции от пользователя qq
2024-12-24 16:26:22,628 - sqlalchemy.engine.Engine - INFO - SELECT users.id, users.username, users.hashed_password, users.email, users.balance 
FROM users 
WHERE users.id = $1::INTEGER
2024-12-24 16:26:22,629 - sqlalchemy.engine.Engine - INFO - [cached since 313.7s ago] (1,)
2024-12-24 16:26:22,631 - sqlalchemy.engine.Engine - INFO - UPDATE users SET balance=$1::NUMERIC WHERE users.id = $2::INTEGER
2024-12-24 16:26:22,632 - sqlalchemy.engine.Engine - INFO - [cached since 313.7s ago] [(Decimal('200'), 1), (Decimal('890'), 5)]
2024-12-24 16:26:22,636 - sqlalchemy.engine.Engine - INFO - INSERT INTO transactions (sender_id, receiver_id, amount, status, created_at) VALUES ($1::INTEGER, $2::INTEGER, $3::NUMERIC, $4::VARCHAR, $5::TIMESTAMP WITHOUT TIME ZONE) RETURNING transactions.id
2024-12-24 16:26:22,637 - sqlalchemy.engine.Engine - INFO - [cached since 313.7s ago] (5, 1, Decimal('10'), <TransactionStatus.completed: 'completed'>, datetime.datetime(2024, 12, 24, 16, 26, 22, 636162))
2024-12-24 16:26:22,639 - sqlalchemy.engine.Engine - INFO - COMMIT
2024-12-24 16:26:22,642 - sqlalchemy.engine.Engine - INFO - BEGIN (implicit)
2024-12-24 16:26:22,643 - sqlalchemy.engine.Engine - INFO - SELECT transactions.id, transactions.sender_id, transactions.receiver_id, transactions.amount, transactions.status, transactions.created_at 
FROM transactions 
WHERE transactions.id = $1::INTEGER
2024-12-24 16:26:22,644 - sqlalchemy.engine.Engine - INFO - [cached since 313.7s ago] (7,)
2024-12-24 16:26:22,646 - app.routes.transaction - INFO - Транзакция успешно создана: qq -> string, сумма: 10.00
2024-12-24 16:26:22,647 - sqlalchemy.engine.Engine - INFO - ROLLBACK
2024-12-24 16:26:38,627 - sqlalchemy.engine.Engine - INFO - BEGIN (implicit)
2024-12-24 16:26:38,628 - sqlalchemy.engine.Engine - INFO - SELECT users.id, users.username, users.hashed_password, users.email, users.balance 
FROM users 
WHERE users.username = $1::VARCHAR
2024-12-24 16:26:38,629 - sqlalchemy.engine.Engine - INFO - [cached since 329.7s ago] ('qq',)
2024-12-24 16:26:38,630 - app.routes.transaction - INFO - Попытка создания транзакции от пользователя qq
2024-12-24 16:26:38,632 - sqlalchemy.engine.Engine - INFO - SELECT users.id, users.username, users.hashed_password, users.email, users.balance 
FROM users 
WHERE users.id = $1::INTEGER
2024-12-24 16:26:38,632 - sqlalchemy.engine.Engine - INFO - [cached since 329.7s ago] (3,)
2024-12-24 16:26:38,634 - sqlalchemy.engine.Engine - INFO - UPDATE users SET balance=$1::NUMERIC WHERE users.id = $2::INTEGER
2024-12-24 16:26:38,634 - sqlalchemy.engine.Engine - INFO - [cached since 329.7s ago] [(Decimal('700'), 3), (Decimal('390'), 5)]
2024-12-24 16:26:38,636 - sqlalchemy.engine.Engine - INFO - INSERT INTO transactions (sender_id, receiver_id, amount, status, created_at) VALUES ($1::INTEGER, $2::INTEGER, $3::NUMERIC, $4::VARCHAR, $5::TIMESTAMP WITHOUT TIME ZONE) RETURNING transactions.id
2024-12-24 16:26:38,636 - sqlalchemy.engine.Engine - INFO - [cached since 329.7s ago] (5, 3, Decimal('500'), <TransactionStatus.completed: 'completed'>, datetime.datetime(2024, 12, 24, 16, 26, 38, 636141))
2024-12-24 16:26:38,637 - sqlalchemy.engine.Engine - INFO - COMMIT
2024-12-24 16:26:38,640 - sqlalchemy.engine.Engine - INFO - BEGIN (implicit)
2024-12-24 16:26:38,640 - sqlalchemy.engine.Engine - INFO - SELECT transactions.id, transactions.sender_id, transactions.receiver_id, transactions.amount, transactions.status, transactions.created_at 
FROM transactions 
WHERE transactions.id = $1::INTEGER
2024-12-24 16:26:38,641 - sqlalchemy.engine.Engine - INFO - [cached since 329.7s ago] (8,)
2024-12-24 16:26:38,642 - app.routes.transaction - INFO - Транзакция успешно создана: qq -> zxc, сумма: 500.00
2024-12-24 16:26:38,643 - sqlalchemy.engine.Engine - INFO - ROLLBACK
2024-12-24 16:27:28,343 - sqlalchemy.engine.Engine - INFO - BEGIN (implicit)
2024-12-24 16:27:28,344 - sqlalchemy.engine.Engine - INFO - SELECT users.id, users.username, users.hashed_password, users.email, users.balance 
FROM users 
WHERE users.username = $1::VARCHAR
2024-12-24 16:27:28,345 - sqlalchemy.engine.Engine - INFO - [cached since 379.5s ago] ('qq',)
2024-12-24 16:27:28,348 - app.routes.transaction - INFO - Попытка создания транзакции от пользователя qq
2024-12-24 16:27:28,349 - sqlalchemy.engine.Engine - INFO - SELECT users.id, users.username, users.hashed_password, users.email, users.balance 
FROM users 
WHERE users.id = $1::INTEGER
2024-12-24 16:27:28,349 - sqlalchemy.engine.Engine - INFO - [cached since 379.5s ago] (3,)
2024-12-24 16:27:28,352 - sqlalchemy.engine.Engine - INFO - UPDATE users SET balance=$1::NUMERIC WHERE users.id = $2::INTEGER
2024-12-24 16:27:28,352 - sqlalchemy.engine.Engine - INFO - [cached since 379.5s ago] [(Decimal('990'), 3), (Decimal('100'), 5)]
2024-12-24 16:27:28,354 - sqlalchemy.engine.Engine - INFO - INSERT INTO transactions (sender_id, receiver_id, amount, status, created_at) VALUES ($1::INTEGER, $2::INTEGER, $3::NUMERIC, $4::VARCHAR, $5::TIMESTAMP WITHOUT TIME ZONE) RETURNING transactions.id
2024-12-24 16:27:28,355 - sqlalchemy.engine.Engine - INFO - [cached since 379.4s ago] (5, 3, Decimal('290'), <TransactionStatus.completed: 'completed'>, datetime.datetime(2024, 12, 24, 16, 27, 28, 354636))
2024-12-24 16:27:28,356 - sqlalchemy.engine.Engine - INFO - COMMIT
2024-12-24 16:27:28,358 - sqlalchemy.engine.Engine - INFO - BEGIN (implicit)
2024-12-24 16:27:28,359 - sqlalchemy.engine.Engine - INFO - SELECT transactions.id, transactions.sender_id, transactions.receiver_id, transactions.amount, transactions.status, transactions.created_at 
FROM transactions 
WHERE transactions.id = $1::INTEGER
2024-12-24 16:27:28,360 - sqlalchemy.engine.Engine - INFO - [cached since 379.4s ago] (9,)
2024-12-24 16:27:28,362 - app.routes.transaction - INFO - Транзакция успешно создана: qq -> zxc, сумма: 290.00
2024-12-24 16:27:28,363 - sqlalchemy.engine.Engine - INFO - ROLLBACK
2024-12-24 16:32:14,533 - sqlalchemy.engine.Engine - INFO - select pg_catalog.version()
2024-12-24 16:32:14,534 - sqlalchemy.engine.Engine - INFO - [raw sql] ()
2024-12-24 16:32:14,536 - sqlalchemy.engine.Engine - INFO - select current_schema()
2024-12-24 16:32:14,536 - sqlalchemy.engine.Engine - INFO - [raw sql] ()
2024-12-24 16:32:14,538 - sqlalchemy.engine.Engine - INFO - show standard_conforming_strings
2024-12-24 16:32:14,538 - sqlalchemy.engine.Engine - INFO - [raw sql] ()
2024-12-24 16:32:14,539 - sqlalchemy.engine.Engine - INFO - BEGIN (implicit)
2024-12-24 16:32:14,545 - sqlalchemy.engine.Engine - INFO - SELECT users.id, users.username, users.hashed_password, users.email, users.balance 
FROM users 
WHERE users.username = $1::VARCHAR
2024-12-24 16:32:14,545 - sqlalchemy.engine.Engine - INFO - [generated in 0.00060s] ('ааа',)
2024-12-24 16:32:14,549 - app.routes.transaction - INFO - Попытка создания транзакции от пользователя ааа
2024-12-24 16:32:14,551 - sqlalchemy.engine.Engine - INFO - SELECT users.id, users.username, users.hashed_password, users.email, users.balance 
FROM users 
WHERE users.id = $1::INTEGER
2024-12-24 16:32:14,551 - sqlalchemy.engine.Engine - INFO - [generated in 0.00044s] (5,)
2024-12-24 16:32:14,554 - sqlalchemy.engine.Engine - INFO - SELECT users.id, users.username, users.hashed_password, users.email, users.balance 
FROM users 
WHERE users.id = $1::INTEGER
2024-12-24 16:32:14,554 - sqlalchemy.engine.Engine - INFO - [cached since 0.003638s ago] (6,)
2024-12-24 16:32:14,557 - sqlalchemy.engine.Engine - INFO - UPDATE users SET balance=$1::NUMERIC WHERE users.id = $2::INTEGER
2024-12-24 16:32:14,557 - sqlalchemy.engine.Engine - INFO - [generated in 0.00051s] (Decimal('900'), 6)
2024-12-24 16:32:14,562 - sqlalchemy.engine.Engine - INFO - SELECT users.id, users.username, users.hashed_password, users.email, users.balance 
FROM users 
WHERE users.id = $1::INTEGER
2024-12-24 16:32:14,562 - sqlalchemy.engine.Engine - INFO - [cached since 0.01186s ago] (5,)
2024-12-24 16:32:14,565 - sqlalchemy.engine.Engine - INFO - UPDATE users SET balance=$1::NUMERIC WHERE users.id = $2::INTEGER
2024-12-24 16:32:14,565 - sqlalchemy.engine.Engine - INFO - [cached since 0.008417s ago] (Decimal('200'), 5)
2024-12-24 16:32:14,568 - sqlalchemy.engine.Engine - INFO - INSERT INTO transactions (sender_id, receiver_id, amount, status, created_at) VALUES ($1::INTEGER, $2::INTEGER, $3::NUMERIC, $4::VARCHAR, $5::TIMESTAMP WITHOUT TIME ZONE) RETURNING transactions.id
2024-12-24 16:32:14,568 - sqlalchemy.engine.Engine - INFO - [generated in 0.00057s] (6, 5, Decimal('100'), <TransactionStatus.completed: 'completed'>, datetime.datetime(2024, 12, 24, 16, 32, 14, 568371))
2024-12-24 16:32:14,573 - sqlalchemy.engine.Engine - INFO - COMMIT
2024-12-24 16:32:14,576 - sqlalchemy.engine.Engine - INFO - BEGIN (implicit)
2024-12-24 16:32:14,578 - sqlalchemy.engine.Engine - INFO - SELECT transactions.id, transactions.sender_id, transactions.receiver_id, transactions.amount, transactions.status, transactions.created_at 
FROM transactions 
WHERE transactions.id = $1::INTEGER
2024-12-24 16:32:14,578 - sqlalchemy.engine.Engine - INFO - [generated in 0.00057s] (10,)
2024-12-24 16:32:14,581 - app.routes.transaction - INFO - Транзакция успешно создана: ааа -> qq, сумма: 100.00
2024-12-24 16:32:14,582 - sqlalchemy.engine.Engine - INFO - ROLLBACK
2024-12-24 16:32:34,691 - sqlalchemy.engine.Engine - INFO - BEGIN (implicit)
2024-12-24 16:32:34,692 - sqlalchemy.engine.Engine - INFO - SELECT users.id, users.username, users.hashed_password, users.email, users.balance 
FROM users 
WHERE users.username = $1::VARCHAR
2024-12-24 16:32:34,693 - sqlalchemy.engine.Engine - INFO - [cached since 20.15s ago] ('ааа',)
2024-12-24 16:32:34,695 - app.routes.transaction - INFO - Попытка создания транзакции от пользователя ааа
2024-12-24 16:32:34,696 - sqlalchemy.engine.Engine - INFO - SELECT users.id, users.username, users.hashed_password, users.email, users.balance 
FROM users 
WHERE users.id = $1::INTEGER
2024-12-24 16:32:34,697 - sqlalchemy.engine.Engine - INFO - [cached since 20.15s ago] (5,)
2024-12-24 16:32:34,700 - sqlalchemy.engine.Engine - INFO - SELECT users.id, users.username, users.hashed_password, users.email, users.balance 
FROM users 
WHERE users.id = $1::INTEGER
2024-12-24 16:32:34,700 - sqlalchemy.engine.Engine - INFO - [cached since 20.15s ago] (6,)
2024-12-24 16:32:34,703 - sqlalchemy.engine.Engine - INFO - UPDATE users SET balance=$1::NUMERIC WHERE users.id = $2::INTEGER
2024-12-24 16:32:34,704 - sqlalchemy.engine.Engine - INFO - [cached since 20.15s ago] (Decimal('400'), 6)
2024-12-24 16:32:34,706 - sqlalchemy.engine.Engine - INFO - SELECT users.id, users.username, users.hashed_password, users.email, users.balance 
FROM users 
WHERE users.id = $1::INTEGER
2024-12-24 16:32:34,707 - sqlalchemy.engine.Engine - INFO - [cached since 20.16s ago] (5,)
2024-12-24 16:32:34,709 - sqlalchemy.engine.Engine - INFO - UPDATE users SET balance=$1::NUMERIC WHERE users.id = $2::INTEGER
2024-12-24 16:32:34,710 - sqlalchemy.engine.Engine - INFO - [cached since 20.16s ago] (Decimal('700'), 5)
2024-12-24 16:32:34,714 - sqlalchemy.engine.Engine - INFO - INSERT INTO transactions (sender_id, receiver_id, amount, status, created_at) VALUES ($1::INTEGER, $2::INTEGER, $3::NUMERIC, $4::VARCHAR, $5::TIMESTAMP WITHOUT TIME ZONE) RETURNING transactions.id
2024-12-24 16:32:34,714 - sqlalchemy.engine.Engine - INFO - [cached since 20.15s ago] (6, 5, Decimal('500'), <TransactionStatus.completed: 'completed'>, datetime.datetime(2024, 12, 24, 16, 32, 34, 713989))
2024-12-24 16:32:34,716 - sqlalchemy.engine.Engine - INFO - COMMIT
2024-12-24 16:32:34,719 - sqlalchemy.engine.Engine - INFO - BEGIN (implicit)
2024-12-24 16:32:34,720 - sqlalchemy.engine.Engine - INFO - SELECT transactions.id, transactions.sender_id, transactions.receiver_id, transactions.amount, transactions.status, transactions.created_at 
FROM transactions 
WHERE transactions.id = $1::INTEGER
2024-12-24 16:32:34,721 - sqlalchemy.engine.Engine - INFO - [cached since 20.14s ago] (11,)
2024-12-24 16:32:34,723 - app.routes.transaction - INFO - Транзакция успешно создана: ааа -> qq, сумма: 500.00
2024-12-24 16:32:34,723 - sqlalchemy.engine.Engine - INFO - ROLLBACK
2024-12-24 16:32:45,582 - sqlalchemy.engine.Engine - INFO - BEGIN (implicit)
2024-12-24 16:32:45,583 - sqlalchemy.engine.Engine - INFO - SELECT users.id, users.username, users.hashed_password, users.email, users.balance 
FROM users 
WHERE users.username = $1::VARCHAR
2024-12-24 16:32:45,583 - sqlalchemy.engine.Engine - INFO - [cached since 31.04s ago] ('ааа',)
2024-12-24 16:32:45,585 - app.routes.transaction - INFO - Попытка создания транзакции от пользователя ааа
2024-12-24 16:32:45,586 - sqlalchemy.engine.Engine - INFO - SELECT users.id, users.username, users.hashed_password, users.email, users.balance 
FROM users 
WHERE users.id = $1::INTEGER
2024-12-24 16:32:45,586 - sqlalchemy.engine.Engine - INFO - [cached since 31.04s ago] (5,)
2024-12-24 16:32:45,588 - sqlalchemy.engine.Engine - INFO - SELECT users.id, users.username, users.hashed_password, users.email, users.balance 
FROM users 
WHERE users.id = $1::INTEGER
2024-12-24 16:32:45,590 - sqlalchemy.engine.Engine - INFO - [cached since 31.04s ago] (6,)
2024-12-24 16:32:45,592 - sqlalchemy.engine.Engine - INFO - UPDATE users SET balance=$1::NUMERIC WHERE users.id = $2::INTEGER
2024-12-24 16:32:45,592 - sqlalchemy.engine.Engine - INFO - [cached since 31.04s ago] (Decimal('190'), 6)
2024-12-24 16:32:45,594 - sqlalchemy.engine.Engine - INFO - SELECT users.id, users.username, users.hashed_password, users.email, users.balance 
FROM users 
WHERE users.id = $1::INTEGER
2024-12-24 16:32:45,595 - sqlalchemy.engine.Engine - INFO - [cached since 31.05s ago] (5,)
2024-12-24 16:32:45,597 - sqlalchemy.engine.Engine - INFO - UPDATE users SET balance=$1::NUMERIC WHERE users.id = $2::INTEGER
2024-12-24 16:32:45,598 - sqlalchemy.engine.Engine - INFO - [cached since 31.04s ago] (Decimal('910'), 5)
2024-12-24 16:32:45,599 - sqlalchemy.engine.Engine - INFO - INSERT INTO transactions (sender_id, receiver_id, amount, status, created_at) VALUES ($1::INTEGER, $2::INTEGER, $3::NUMERIC, $4::VARCHAR, $5::TIMESTAMP WITHOUT TIME ZONE) RETURNING transactions.id
2024-12-24 16:32:45,599 - sqlalchemy.engine.Engine - INFO - [cached since 31.03s ago] (6, 5, Decimal('210'), <TransactionStatus.completed: 'completed'>, datetime.datetime(2024, 12, 24, 16, 32, 45, 599457))
2024-12-24 16:32:45,601 - sqlalchemy.engine.Engine - INFO - COMMIT
2024-12-24 16:32:45,603 - sqlalchemy.engine.Engine - INFO - BEGIN (implicit)
2024-12-24 16:32:45,604 - sqlalchemy.engine.Engine - INFO - SELECT transactions.id, transactions.sender_id, transactions.receiver_id, transactions.amount, transactions.status, transactions.created_at 
FROM transactions 
WHERE transactions.id = $1::INTEGER
2024-12-24 16:32:45,604 - sqlalchemy.engine.Engine - INFO - [cached since 31.03s ago] (12,)
2024-12-24 16:32:45,606 - app.routes.transaction - INFO - Транзакция успешно создана: ааа -> qq, сумма: 210.00
2024-12-24 16:32:45,606 - sqlalchemy.engine.Engine - INFO - ROLLBACK
2024-12-24 16:33:13,708 - sqlalchemy.engine.Engine - INFO - BEGIN (implicit)
2024-12-24 16:33:13,709 - sqlalchemy.engine.Engine - INFO - SELECT users.id, users.username, users.hashed_password, users.email, users.balance 
FROM users 
WHERE users.username = $1::VARCHAR
2024-12-24 16:33:13,710 - sqlalchemy.engine.Engine - INFO - [cached since 59.17s ago] ('ааа',)
2024-12-24 16:33:13,712 - app.routes.transaction - INFO - Попытка создания транзакции от пользователя ааа
2024-12-24 16:33:13,713 - sqlalchemy.engine.Engine - INFO - SELECT users.id, users.username, users.hashed_password, users.email, users.balance 
FROM users 
WHERE users.id = $1::INTEGER
2024-12-24 16:33:13,714 - sqlalchemy.engine.Engine - INFO - [cached since 59.17s ago] (3,)
2024-12-24 16:33:13,716 - sqlalchemy.engine.Engine - INFO - SELECT users.id, users.username, users.hashed_password, users.email, users.balance 
FROM users 
WHERE users.id = $1::INTEGER
2024-12-24 16:33:13,717 - sqlalchemy.engine.Engine - INFO - [cached since 59.17s ago] (6,)
2024-12-24 16:33:13,719 - sqlalchemy.engine.Engine - INFO - UPDATE users SET balance=$1::NUMERIC WHERE users.id = $2::INTEGER
2024-12-24 16:33:13,720 - sqlalchemy.engine.Engine - INFO - [cached since 59.17s ago] (Decimal('180'), 6)
2024-12-24 16:33:13,724 - sqlalchemy.engine.Engine - INFO - SELECT users.id, users.username, users.hashed_password, users.email, users.balance 
FROM users 
WHERE users.id = $1::INTEGER
2024-12-24 16:33:13,725 - sqlalchemy.engine.Engine - INFO - [cached since 59.18s ago] (3,)
2024-12-24 16:33:13,727 - sqlalchemy.engine.Engine - INFO - UPDATE users SET balance=$1::NUMERIC WHERE users.id = $2::INTEGER
2024-12-24 16:33:13,728 - sqlalchemy.engine.Engine - INFO - [cached since 59.17s ago] (Decimal('1000'), 3)
2024-12-24 16:33:13,729 - sqlalchemy.engine.Engine - INFO - INSERT INTO transactions (sender_id, receiver_id, amount, status, created_at) VALUES ($1::INTEGER, $2::INTEGER, $3::NUMERIC, $4::VARCHAR, $5::TIMESTAMP WITHOUT TIME ZONE) RETURNING transactions.id
2024-12-24 16:33:13,730 - sqlalchemy.engine.Engine - INFO - [cached since 59.17s ago] (6, 3, Decimal('10'), <TransactionStatus.completed: 'completed'>, datetime.datetime(2024, 12, 24, 16, 33, 13, 729656))
2024-12-24 16:33:13,732 - sqlalchemy.engine.Engine - INFO - COMMIT
2024-12-24 16:33:13,735 - sqlalchemy.engine.Engine - INFO - BEGIN (implicit)
2024-12-24 16:33:13,736 - sqlalchemy.engine.Engine - INFO - SELECT transactions.id, transactions.sender_id, transactions.receiver_id, transactions.amount, transactions.status, transactions.created_at 
FROM transactions 
WHERE transactions.id = $1::INTEGER
2024-12-24 16:33:13,737 - sqlalchemy.engine.Engine - INFO - [cached since 59.16s ago] (13,)
2024-12-24 16:33:13,739 - app.routes.transaction - INFO - Транзакция успешно создана: ааа -> zxc, сумма: 10.00
2024-12-24 16:33:13,740 - sqlalchemy.engine.Engine - INFO - ROLLBACK
2024-12-24 16:33:37,609 - sqlalchemy.engine.Engine - INFO - BEGIN (implicit)
2024-12-24 16:33:37,610 - sqlalchemy.engine.Engine - INFO - SELECT users.id, users.username, users.hashed_password, users.email, users.balance 
FROM users 
WHERE users.username = $1::VARCHAR
2024-12-24 16:33:37,610 - sqlalchemy.engine.Engine - INFO - [cached since 83.07s ago] ('ааа',)
2024-12-24 16:33:37,612 - app.routes.transaction - INFO - Попытка создания транзакции от пользователя ааа
2024-12-24 16:33:37,613 - sqlalchemy.engine.Engine - INFO - SELECT users.id, users.username, users.hashed_password, users.email, users.balance 
FROM users 
WHERE users.id = $1::INTEGER
2024-12-24 16:33:37,613 - sqlalchemy.engine.Engine - INFO - [cached since 83.07s ago] (5,)
2024-12-24 16:33:37,614 - sqlalchemy.engine.Engine - INFO - SELECT users.id, users.username, users.hashed_password, users.email, users.balance 
FROM users 
WHERE users.id = $1::INTEGER
2024-12-24 16:33:37,615 - sqlalchemy.engine.Engine - INFO - [cached since 83.07s ago] (6,)
2024-12-24 16:33:37,617 - sqlalchemy.engine.Engine - INFO - UPDATE users SET balance=$1::NUMERIC WHERE users.id = $2::INTEGER
2024-12-24 16:33:37,618 - sqlalchemy.engine.Engine - INFO - [cached since 83.07s ago] (Decimal('90'), 6)
2024-12-24 16:33:37,619 - sqlalchemy.engine.Engine - INFO - SELECT users.id, users.username, users.hashed_password, users.email, users.balance 
FROM users 
WHERE users.id = $1::INTEGER
2024-12-24 16:33:37,620 - sqlalchemy.engine.Engine - INFO - [cached since 83.07s ago] (5,)
2024-12-24 16:33:37,622 - sqlalchemy.engine.Engine - INFO - UPDATE users SET balance=$1::NUMERIC WHERE users.id = $2::INTEGER
2024-12-24 16:33:37,623 - sqlalchemy.engine.Engine - INFO - [cached since 83.07s ago] (Decimal('1000'), 5)
2024-12-24 16:33:37,624 - sqlalchemy.engine.Engine - INFO - INSERT INTO transactions (sender_id, receiver_id, amount, status, created_at) VALUES ($1::INTEGER, $2::INTEGER, $3::NUMERIC, $4::VARCHAR, $5::TIMESTAMP WITHOUT TIME ZONE) RETURNING transactions.id
2024-12-24 16:33:37,625 - sqlalchemy.engine.Engine - INFO - [cached since 83.06s ago] (6, 5, Decimal('90'), <TransactionStatus.completed: 'completed'>, datetime.datetime(2024, 12, 24, 16, 33, 37, 624867))
2024-12-24 16:33:37,627 - sqlalchemy.engine.Engine - INFO - COMMIT
2024-12-24 16:33:37,629 - sqlalchemy.engine.Engine - INFO - BEGIN (implicit)
2024-12-24 16:33:37,630 - sqlalchemy.engine.Engine - INFO - SELECT transactions.id, transactions.sender_id, transactions.receiver_id, transactions.amount, transactions.status, transactions.created_at 
FROM transactions 
WHERE transactions.id = $1::INTEGER
2024-12-24 16:33:37,631 - sqlalchemy.engine.Engine - INFO - [cached since 83.06s ago] (14,)
2024-12-24 16:33:37,632 - app.routes.transaction - INFO - Транзакция успешно создана: ааа -> qq, сумма: 90.00
2024-12-24 16:33:37,633 - sqlalchemy.engine.Engine - INFO - ROLLBACK
2024-12-24 16:33:51,319 - sqlalchemy.engine.Engine - INFO - BEGIN (implicit)
2024-12-24 16:33:51,320 - sqlalchemy.engine.Engine - INFO - SELECT users.id, users.username, users.hashed_password, users.email, users.balance 
FROM users 
WHERE users.username = $1::VARCHAR
2024-12-24 16:33:51,321 - sqlalchemy.engine.Engine - INFO - [cached since 96.78s ago] ('ааа',)
2024-12-24 16:33:51,323 - app.routes.transaction - INFO - Попытка создания транзакции от пользователя ааа
2024-12-24 16:33:51,323 - sqlalchemy.engine.Engine - INFO - SELECT users.id, users.username, users.hashed_password, users.email, users.balance 
FROM users 
WHERE users.id = $1::INTEGER
2024-12-24 16:33:51,324 - sqlalchemy.engine.Engine - INFO - [cached since 96.78s ago] (4,)
2024-12-24 16:33:51,325 - sqlalchemy.engine.Engine - INFO - SELECT users.id, users.username, users.hashed_password, users.email, users.balance 
FROM users 
WHERE users.id = $1::INTEGER
2024-12-24 16:33:51,326 - sqlalchemy.engine.Engine - INFO - [cached since 96.78s ago] (6,)
2024-12-24 16:33:51,327 - sqlalchemy.engine.Engine - INFO - UPDATE users SET balance=$1::NUMERIC WHERE users.id = $2::INTEGER
2024-12-24 16:33:51,328 - sqlalchemy.engine.Engine - INFO - [cached since 96.78s ago] (Decimal('0'), 6)
2024-12-24 16:33:51,329 - sqlalchemy.engine.Engine - INFO - SELECT users.id, users.username, users.hashed_password, users.email, users.balance 
FROM users 
WHERE users.id = $1::INTEGER
2024-12-24 16:33:51,330 - sqlalchemy.engine.Engine - INFO - [cached since 96.79s ago] (4,)
2024-12-24 16:33:51,331 - sqlalchemy.engine.Engine - INFO - UPDATE users SET balance=$1::NUMERIC WHERE users.id = $2::INTEGER
2024-12-24 16:33:51,332 - sqlalchemy.engine.Engine - INFO - [cached since 96.78s ago] (Decimal('800'), 4)
2024-12-24 16:33:51,333 - sqlalchemy.engine.Engine - INFO - INSERT INTO transactions (sender_id, receiver_id, amount, status, created_at) VALUES ($1::INTEGER, $2::INTEGER, $3::NUMERIC, $4::VARCHAR, $5::TIMESTAMP WITHOUT TIME ZONE) RETURNING transactions.id
2024-12-24 16:33:51,333 - sqlalchemy.engine.Engine - INFO - [cached since 96.77s ago] (6, 4, Decimal('90'), <TransactionStatus.completed: 'completed'>, datetime.datetime(2024, 12, 24, 16, 33, 51, 333476))
2024-12-24 16:33:51,335 - sqlalchemy.engine.Engine - INFO - COMMIT
2024-12-24 16:33:51,337 - sqlalchemy.engine.Engine - INFO - BEGIN (implicit)
2024-12-24 16:33:51,338 - sqlalchemy.engine.Engine - INFO - SELECT transactions.id, transactions.sender_id, transactions.receiver_id, transactions.amount, transactions.status, transactions.created_at 
FROM transactions 
WHERE transactions.id = $1::INTEGER
2024-12-24 16:33:51,338 - sqlalchemy.engine.Engine - INFO - [cached since 96.77s ago] (15,)
2024-12-24 16:33:51,340 - app.routes.transaction - INFO - Транзакция успешно создана: ааа -> czx, сумма: 90.00
2024-12-24 16:33:51,341 - sqlalchemy.engine.Engine - INFO - ROLLBACK
2024-12-24 16:35:08,976 - sqlalchemy.engine.Engine - INFO - BEGIN (implicit)
2024-12-24 16:35:08,977 - sqlalchemy.engine.Engine - INFO - SELECT users.id, users.username, users.hashed_password, users.email, users.balance 
FROM users 
WHERE users.username = $1::VARCHAR
2024-12-24 16:35:08,977 - sqlalchemy.engine.Engine - INFO - [cached since 174.4s ago] ('qq',)
2024-12-24 16:35:08,979 - app.routes.transaction - INFO - Попытка создания транзакции от пользователя qq
2024-12-24 16:35:08,980 - sqlalchemy.engine.Engine - INFO - SELECT users.id, users.username, users.hashed_password, users.email, users.balance 
FROM users 
WHERE users.id = $1::INTEGER
2024-12-24 16:35:08,980 - sqlalchemy.engine.Engine - INFO - [cached since 174.4s ago] (4,)
2024-12-24 16:35:08,982 - sqlalchemy.engine.Engine - INFO - SELECT users.id, users.username, users.hashed_password, users.email, users.balance 
FROM users 
WHERE users.id = $1::INTEGER
2024-12-24 16:35:08,982 - sqlalchemy.engine.Engine - INFO - [cached since 174.4s ago] (5,)
2024-12-24 16:35:08,984 - sqlalchemy.engine.Engine - INFO - UPDATE users SET balance=$1::NUMERIC WHERE users.id = $2::INTEGER
2024-12-24 16:35:08,984 - sqlalchemy.engine.Engine - INFO - [cached since 174.4s ago] (Decimal('800'), 5)
2024-12-24 16:35:08,986 - sqlalchemy.engine.Engine - INFO - SELECT users.id, users.username, users.hashed_password, users.email, users.balance 
FROM users 
WHERE users.id = $1::INTEGER
2024-12-24 16:35:08,986 - sqlalchemy.engine.Engine - INFO - [cached since 174.4s ago] (4,)
2024-12-24 16:35:08,987 - sqlalchemy.engine.Engine - INFO - UPDATE users SET balance=$1::NUMERIC WHERE users.id = $2::INTEGER
2024-12-24 16:35:08,988 - sqlalchemy.engine.Engine - INFO - [cached since 174.4s ago] (Decimal('1000'), 4)
2024-12-24 16:35:08,989 - sqlalchemy.engine.Engine - INFO - INSERT INTO transactions (sender_id, receiver_id, amount, status, created_at) VALUES ($1::INTEGER, $2::INTEGER, $3::NUMERIC, $4::VARCHAR, $5::TIMESTAMP WITHOUT TIME ZONE) RETURNING transactions.id
2024-12-24 16:35:08,990 - sqlalchemy.engine.Engine - INFO - [cached since 174.4s ago] (5, 4, Decimal('200'), <TransactionStatus.completed: 'completed'>, datetime.datetime(2024, 12, 24, 16, 35, 8, 989750))
2024-12-24 16:35:08,992 - sqlalchemy.engine.Engine - INFO - COMMIT
2024-12-24 16:35:08,994 - sqlalchemy.engine.Engine - INFO - BEGIN (implicit)
2024-12-24 16:35:08,995 - sqlalchemy.engine.Engine - INFO - SELECT transactions.id, transactions.sender_id, transactions.receiver_id, transactions.amount, transactions.status, transactions.created_at 
FROM transactions 
WHERE transactions.id = $1::INTEGER
2024-12-24 16:35:08,996 - sqlalchemy.engine.Engine - INFO - [cached since 174.4s ago] (16,)
2024-12-24 16:35:08,997 - app.routes.transaction - INFO - Транзакция успешно создана: qq -> czx, сумма: 200.00
2024-12-24 16:35:08,998 - sqlalchemy.engine.Engine - INFO - ROLLBACK
2024-12-24 16:35:39,501 - sqlalchemy.engine.Engine - INFO - BEGIN (implicit)
2024-12-24 16:35:39,503 - sqlalchemy.engine.Engine - INFO - SELECT users.id, users.username, users.hashed_password, users.email, users.balance 
FROM users 
WHERE users.username = $1::VARCHAR
2024-12-24 16:35:39,503 - sqlalchemy.engine.Engine - INFO - [cached since 205s ago] ('qq',)
2024-12-24 16:35:39,505 - app.routes.transaction - INFO - Попытка создания транзакции от пользователя qq
2024-12-24 16:35:39,506 - sqlalchemy.engine.Engine - INFO - SELECT users.id, users.username, users.hashed_password, users.email, users.balance 
FROM users 
WHERE users.id = $1::INTEGER
2024-12-24 16:35:39,507 - sqlalchemy.engine.Engine - INFO - [cached since 205s ago] (1,)
2024-12-24 16:35:39,509 - sqlalchemy.engine.Engine - INFO - SELECT users.id, users.username, users.hashed_password, users.email, users.balance 
FROM users 
WHERE users.id = $1::INTEGER
2024-12-24 16:35:39,509 - sqlalchemy.engine.Engine - INFO - [cached since 205s ago] (5,)
2024-12-24 16:35:39,512 - sqlalchemy.engine.Engine - INFO - UPDATE users SET balance=$1::NUMERIC WHERE users.id = $2::INTEGER
2024-12-24 16:35:39,512 - sqlalchemy.engine.Engine - INFO - [cached since 205s ago] (Decimal('500'), 5)
2024-12-24 16:35:39,514 - sqlalchemy.engine.Engine - INFO - SELECT users.id, users.username, users.hashed_password, users.email, users.balance 
FROM users 
WHERE users.id = $1::INTEGER
2024-12-24 16:35:39,515 - sqlalchemy.engine.Engine - INFO - [cached since 205s ago] (1,)
2024-12-24 16:35:39,517 - sqlalchemy.engine.Engine - INFO - UPDATE users SET balance=$1::NUMERIC WHERE users.id = $2::INTEGER
2024-12-24 16:35:39,518 - sqlalchemy.engine.Engine - INFO - [cached since 205s ago] (Decimal('500'), 1)
2024-12-24 16:35:39,519 - sqlalchemy.engine.Engine - INFO - INSERT INTO transactions (sender_id, receiver_id, amount, status, created_at) VALUES ($1::INTEGER, $2::INTEGER, $3::NUMERIC, $4::VARCHAR, $5::TIMESTAMP WITHOUT TIME ZONE) RETURNING transactions.id
2024-12-24 16:35:39,520 - sqlalchemy.engine.Engine - INFO - [cached since 205s ago] (5, 1, Decimal('300'), <TransactionStatus.completed: 'completed'>, datetime.datetime(2024, 12, 24, 16, 35, 39, 519851))
2024-12-24 16:35:39,522 - sqlalchemy.engine.Engine - INFO - COMMIT
2024-12-24 16:35:39,527 - sqlalchemy.engine.Engine - INFO - BEGIN (implicit)
2024-12-24 16:35:39,528 - sqlalchemy.engine.Engine - INFO - SELECT transactions.id, transactions.sender_id, transactions.receiver_id, transactions.amount, transactions.status, transactions.created_at 
FROM transactions 
WHERE transactions.id = $1::INTEGER
2024-12-24 16:35:39,528 - sqlalchemy.engine.Engine - INFO - [cached since 205s ago] (17,)
2024-12-24 16:35:39,530 - app.routes.transaction - INFO - Транзакция успешно создана: qq -> string, сумма: 300.00
2024-12-24 16:35:39,531 - sqlalchemy.engine.Engine - INFO - ROLLBACK
2024-12-24 16:36:04,617 - sqlalchemy.engine.Engine - INFO - BEGIN (implicit)
2024-12-24 16:36:04,617 - sqlalchemy.engine.Engine - INFO - SELECT users.id, users.username, users.hashed_password, users.email, users.balance 
FROM users 
WHERE users.username = $1::VARCHAR
2024-12-24 16:36:04,618 - sqlalchemy.engine.Engine - INFO - [cached since 230.1s ago] ('qq',)
2024-12-24 16:36:04,619 - app.routes.transaction - INFO - Попытка создания транзакции от пользователя qq
2024-12-24 16:36:04,620 - sqlalchemy.engine.Engine - INFO - SELECT users.id, users.username, users.hashed_password, users.email, users.balance 
FROM users 
WHERE users.id = $1::INTEGER
2024-12-24 16:36:04,620 - sqlalchemy.engine.Engine - INFO - [cached since 230.1s ago] (6,)
2024-12-24 16:36:04,622 - sqlalchemy.engine.Engine - INFO - SELECT users.id, users.username, users.hashed_password, users.email, users.balance 
FROM users 
WHERE users.id = $1::INTEGER
2024-12-24 16:36:04,622 - sqlalchemy.engine.Engine - INFO - [cached since 230.1s ago] (5,)
2024-12-24 16:36:04,624 - sqlalchemy.engine.Engine - INFO - UPDATE users SET balance=$1::NUMERIC WHERE users.id = $2::INTEGER
2024-12-24 16:36:04,624 - sqlalchemy.engine.Engine - INFO - [cached since 230.1s ago] (Decimal('250'), 5)
2024-12-24 16:36:04,626 - sqlalchemy.engine.Engine - INFO - SELECT users.id, users.username, users.hashed_password, users.email, users.balance 
FROM users 
WHERE users.id = $1::INTEGER
2024-12-24 16:36:04,627 - sqlalchemy.engine.Engine - INFO - [cached since 230.1s ago] (6,)
2024-12-24 16:36:04,628 - sqlalchemy.engine.Engine - INFO - UPDATE users SET balance=$1::NUMERIC WHERE users.id = $2::INTEGER
2024-12-24 16:36:04,629 - sqlalchemy.engine.Engine - INFO - [cached since 230.1s ago] (Decimal('250'), 6)
2024-12-24 16:36:04,631 - sqlalchemy.engine.Engine - INFO - INSERT INTO transactions (sender_id, receiver_id, amount, status, created_at) VALUES ($1::INTEGER, $2::INTEGER, $3::NUMERIC, $4::VARCHAR, $5::TIMESTAMP WITHOUT TIME ZONE) RETURNING transactions.id
2024-12-24 16:36:04,631 - sqlalchemy.engine.Engine - INFO - [cached since 230.1s ago] (5, 6, Decimal('250'), <TransactionStatus.completed: 'completed'>, datetime.datetime(2024, 12, 24, 16, 36, 4, 631266))
2024-12-24 16:36:04,633 - sqlalchemy.engine.Engine - INFO - COMMIT
2024-12-24 16:36:04,635 - sqlalchemy.engine.Engine - INFO - BEGIN (implicit)
2024-12-24 16:36:04,636 - sqlalchemy.engine.Engine - INFO - SELECT transactions.id, transactions.sender_id, transactions.receiver_id, transactions.amount, transactions.status, transactions.created_at 
FROM transactions 
WHERE transactions.id = $1::INTEGER
2024-12-24 16:36:04,637 - sqlalchemy.engine.Engine - INFO - [cached since 230.1s ago] (18,)
2024-12-24 16:36:04,638 - app.routes.transaction - INFO - Транзакция успешно создана: qq -> ааа, сумма: 250.00
2024-12-24 16:36:04,639 - sqlalchemy.engine.Engine - INFO - ROLLBACK
